
> backend@1.0.0 dev
> nodemon server.js

[33m[nodemon] 3.1.10[39m
[33m[nodemon] to restart at any time, enter `rs`[39m
[33m[nodemon] watching path(s): *.*[39m
[33m[nodemon] watching extensions: js,mjs,cjs,json[39m
[32m[nodemon] starting `node server.js`[39m
Prisma client not available, using mock database
(node:63196) Warning: Accessing non-existent property 'io' of module exports inside circular dependency
(Use `node --trace-warnings ...` to show where the warning was created)
Server is running on port 5678
Swagger documentation available at http://localhost:5678/api-docs
[32m[nodemon] restarting child process[39m
[32m[nodemon] starting `node server.js`[39m
[32m[nodemon] restarting child process[39m
[32m[nodemon] starting `node server.js`[39m
Prisma client not available, using mock database
(node:63883) Warning: Accessing non-existent property 'io' of module exports inside circular dependency
(Use `node --trace-warnings ...` to show where the warning was created)
Server is running on port 5678
Swagger documentation available at http://localhost:5678/api-docs
[32m[nodemon] restarting due to changes...[39m
[32m[nodemon] restarting due to changes...[39m
[32m[nodemon] restarting due to changes...[39m
[32m[nodemon] restarting due to changes...[39m
[32m[nodemon] restarting due to changes...[39m
[32m[nodemon] starting `node server.js`[39m
Prisma client not available, using mock database
(node:64865) Warning: Accessing non-existent property 'io' of module exports inside circular dependency
(Use `node --trace-warnings ...` to show where the warning was created)
Server is running on port 5678
Swagger documentation available at http://localhost:5678/api-docs
[32m[nodemon] restarting due to changes...[39m
[32m[nodemon] restarting due to changes...[39m
[32m[nodemon] restarting due to changes...[39m
[32m[nodemon] restarting due to changes...[39m
[32m[nodemon] starting `node server.js`[39m
Prisma client not available, using mock database
(node:65048) Warning: Accessing non-existent property 'io' of module exports inside circular dependency
(Use `node --trace-warnings ...` to show where the warning was created)
Server is running on port 5678
Swagger documentation available at http://localhost:5678/api-docs
[32m[nodemon] restarting due to changes...[39m
[32m[nodemon] restarting due to changes...[39m
[32m[nodemon] restarting due to changes...[39m
[32m[nodemon] restarting due to changes...[39m
[32m[nodemon] restarting due to changes...[39m
[32m[nodemon] starting `node server.js`[39m
[32m[nodemon] restarting due to changes...[39m
[32m[nodemon] restarting due to changes...[39m
[32m[nodemon] restarting due to changes...[39m
[32m[nodemon] restarting due to changes...[39m
[32m[nodemon] starting `node server.js`[39m
[32m[nodemon] restarting due to changes...[39m
[32m[nodemon] restarting due to changes...[39m
[32m[nodemon] restarting due to changes...[39m
[32m[nodemon] restarting due to changes...[39m
[32m[nodemon] restarting due to changes...[39m
[32m[nodemon] restarting due to changes...[39m
[32m[nodemon] restarting due to changes...[39m
[32m[nodemon] starting `node server.js`[39m
Prisma client not available, using mock database
(node:65963) Warning: Accessing non-existent property 'io' of module exports inside circular dependency
(Use `node --trace-warnings ...` to show where the warning was created)
Server is running on port 5678
Swagger documentation available at http://localhost:5678/api-docs
[32m[nodemon] restarting due to changes...[39m
[32m[nodemon] starting `node server.js`[39m
Prisma client not available, using mock database
(node:66086) Warning: Accessing non-existent property 'io' of module exports inside circular dependency
(Use `node --trace-warnings ...` to show where the warning was created)
Server is running on port 5678
Swagger documentation available at http://localhost:5678/api-docs
[31m[nodemon] app crashed - waiting for file changes before starting...[39m
